[debug] [2018-03-07T06:04:09.439Z] ----------------------------------------------------------------------
[debug] [2018-03-07T06:04:09.442Z] Command:       /usr/local/bin/node /usr/local/bin/firebase deploy
[debug] [2018-03-07T06:04:09.442Z] CLI Version:   3.17.4
[debug] [2018-03-07T06:04:09.442Z] Platform:      linux
[debug] [2018-03-07T06:04:09.442Z] Node Version:  v9.3.0
[debug] [2018-03-07T06:04:09.443Z] Time:          Wed Mar 07 2018 00:04:09 GMT-0600 (CST)
[debug] [2018-03-07T06:04:09.443Z] ----------------------------------------------------------------------
[debug] 
[debug] [2018-03-07T06:04:09.455Z] > command requires scopes: ["email","openid","https://www.googleapis.com/auth/cloudplatformprojects.readonly","https://www.googleapis.com/auth/firebase","https://www.googleapis.com/auth/cloud-platform"]
[debug] [2018-03-07T06:04:09.455Z] > authorizing via signed-in user
[debug] [2018-03-07T06:04:09.457Z] > refreshing access token with scopes: ["email","https://www.googleapis.com/auth/cloud-platform","https://www.googleapis.com/auth/cloudplatformprojects.readonly","https://www.googleapis.com/auth/firebase","openid"]
[debug] [2018-03-07T06:04:09.458Z] >>> HTTP REQUEST POST https://www.googleapis.com/oauth2/v3/token  
 { refresh_token: '1/Vy_IknYXxwTM_-TOkc1n3-Hk_yg2D3S4YCxVigi7c_w',
  client_id: '563584335869-fgrhgmd47bqnekij5i8b5pr03ho849e6.apps.googleusercontent.com',
  client_secret: 'j9iVZfS8kkCEFUPaAeJV0sAi',
  grant_type: 'refresh_token',
  scope: 'email https://www.googleapis.com/auth/cloud-platform https://www.googleapis.com/auth/cloudplatformprojects.readonly https://www.googleapis.com/auth/firebase openid' } 
 Wed Mar 07 2018 00:04:09 GMT-0600 (CST)
[debug] [2018-03-07T06:04:09.808Z] <<< HTTP RESPONSE 200
[debug] [2018-03-07T06:04:09.812Z] >>> HTTP REQUEST GET https://admin.firebase.com/v1/projects/albertopetriz-6bcd0  
  
 Wed Mar 07 2018 00:04:09 GMT-0600 (CST)
[debug] [2018-03-07T06:04:10.519Z] <<< HTTP RESPONSE 200
[debug] [2018-03-07T06:04:10.522Z] >>> HTTP REQUEST GET https://admin.firebase.com/v1/database/albertopetriz-6bcd0/tokens  
  
 Wed Mar 07 2018 00:04:10 GMT-0600 (CST)
[debug] [2018-03-07T06:04:11.051Z] <<< HTTP RESPONSE 200
[info] 
[info] === Deploying to 'albertopetriz-6bcd0'...
[info] 
[info] i  deploying hosting
[info] i  hosting: preparing public directory for upload...
[debug] [2018-03-07T06:04:13.369Z] >>> HTTP REQUEST PUT https://deploy.firebase.com/v1/hosting/albertopetriz-6bcd0/uploads/-L6z2p_8st3kvYTtv8PS?fileCount=122&message=  
  
 Wed Mar 07 2018 00:04:13 GMT-0600 (CST)
